Using pre-set license
Built from '2022.3/staging' branch; Version is '2022.3.16f1 (d2c21f0ef2f1) revision 13812255'; Using compiler version '192829333'; Build Type 'Release'
OS: 'Windows 11  (10.0.22631) 64bit Core' Language: 'fi' Physical Memory: 32686 MB
BatchMode: 1, IsHumanControllingUs: 0, StartBugReporterOnCrash: 0, Is64bit: 1, IsPro: 1

COMMAND LINE ARGUMENTS:
C:\Program Files\Unity\Hub\Editor\2022.3.16f1\Editor\Unity.exe
-adb2
-batchMode
-noUpm
-name
AssetImportWorker0
-projectPath
C:/projektit/Witch-Hunt-Platformer-Game
-logFile
Logs/AssetImportWorker0.log
-srvPort
49991
Successfully changed project path to: C:/projektit/Witch-Hunt-Platformer-Game
C:/projektit/Witch-Hunt-Platformer-Game
[UnityMemory] Configuration Parameters - Can be set up in boot.config
    "memorysetup-bucket-allocator-granularity=16"
    "memorysetup-bucket-allocator-bucket-count=8"
    "memorysetup-bucket-allocator-block-size=33554432"
    "memorysetup-bucket-allocator-block-count=8"
    "memorysetup-main-allocator-block-size=16777216"
    "memorysetup-thread-allocator-block-size=16777216"
    "memorysetup-gfx-main-allocator-block-size=16777216"
    "memorysetup-gfx-thread-allocator-block-size=16777216"
    "memorysetup-cache-allocator-block-size=4194304"
    "memorysetup-typetree-allocator-block-size=2097152"
    "memorysetup-profiler-bucket-allocator-granularity=16"
    "memorysetup-profiler-bucket-allocator-bucket-count=8"
    "memorysetup-profiler-bucket-allocator-block-size=33554432"
    "memorysetup-profiler-bucket-allocator-block-count=8"
    "memorysetup-profiler-allocator-block-size=16777216"
    "memorysetup-profiler-editor-allocator-block-size=1048576"
    "memorysetup-temp-allocator-size-main=16777216"
    "memorysetup-job-temp-allocator-block-size=2097152"
    "memorysetup-job-temp-allocator-block-size-background=1048576"
    "memorysetup-job-temp-allocator-reduction-small-platforms=262144"
    "memorysetup-allocator-temp-initial-block-size-main=262144"
    "memorysetup-allocator-temp-initial-block-size-worker=262144"
    "memorysetup-temp-allocator-size-background-worker=32768"
    "memorysetup-temp-allocator-size-job-worker=262144"
    "memorysetup-temp-allocator-size-preload-manager=33554432"
    "memorysetup-temp-allocator-size-nav-mesh-worker=65536"
    "memorysetup-temp-allocator-size-audio-worker=65536"
    "memorysetup-temp-allocator-size-cloud-worker=32768"
    "memorysetup-temp-allocator-size-gi-baking-worker=262144"
    "memorysetup-temp-allocator-size-gfx=262144"
Player connection [8116] Host "[IP] 192.168.1.205 [Port] 0 [Flags] 2 [Guid] 4292820625 [EditorId] 4292820625 [Version] 1048832 [Id] WindowsEditor(7,AXU-DESKTOP) [Debug] 1 [PackageName] WindowsEditor [ProjectName] Editor" joined multi-casting on [225.0.0.222:54997]...

Player connection [8116] Host "[IP] 192.168.1.205 [Port] 0 [Flags] 2 [Guid] 4292820625 [EditorId] 4292820625 [Version] 1048832 [Id] WindowsEditor(7,AXU-DESKTOP) [Debug] 1 [PackageName] WindowsEditor [ProjectName] Editor" joined alternative multi-casting on [225.0.0.222:34997]...

[Physics::Module] Initialized MultithreadedJobDispatcher with 7 workers.
Refreshing native plugins compatible for Editor in 11.56 ms, found 4 plugins.
Preloading 0 native plugins for Editor in 0.00 ms.
Initialize engine version: 2022.3.16f1 (d2c21f0ef2f1)
[Subsystems] Discovering subsystems at path C:/Program Files/Unity/Hub/Editor/2022.3.16f1/Editor/Data/Resources/UnitySubsystems
[Subsystems] Discovering subsystems at path C:/projektit/Witch-Hunt-Platformer-Game/Assets
GfxDevice: creating device client; threaded=0; jobified=0
Direct3D:
    Version:  Direct3D 11.0 [level 11.1]
    Renderer: NVIDIA GeForce RTX 2070 (ID=0x1f07)
    Vendor:   NVIDIA
    VRAM:     8006 MB
    Driver:   31.0.15.5152
Initialize mono
Mono path[0] = 'C:/Program Files/Unity/Hub/Editor/2022.3.16f1/Editor/Data/Managed'
Mono path[1] = 'C:/Program Files/Unity/Hub/Editor/2022.3.16f1/Editor/Data/MonoBleedingEdge/lib/mono/unityjit-win32'
Mono config path = 'C:/Program Files/Unity/Hub/Editor/2022.3.16f1/Editor/Data/MonoBleedingEdge/etc'
Using monoOptions --debugger-agent=transport=dt_socket,embedding=1,server=y,suspend=n,address=127.0.0.1:56828
Begin MonoManager ReloadAssembly
Registering precompiled unity dll's ...
Register platform support module: C:/Program Files/Unity/Hub/Editor/2022.3.16f1/Editor/Data/PlaybackEngines/WindowsStandaloneSupport/UnityEditor.WindowsStandalone.Extensions.dll
Registered in 0.005694 seconds.
- Loaded All Assemblies, in  0.325 seconds
Native extension for WindowsStandalone target not found
Mono: successfully reloaded assembly
- Finished resetting the current domain, in  0.259 seconds
Domain Reload Profiling: 583ms
	BeginReloadAssembly (99ms)
		ExecutionOrderSort (0ms)
		DisableScriptedObjects (0ms)
		BackupInstance (0ms)
		ReleaseScriptingObjects (0ms)
		CreateAndSetChildDomain (1ms)
	RebuildCommonClasses (32ms)
	RebuildNativeTypeToScriptingClass (11ms)
	initialDomainReloadingComplete (54ms)
	LoadAllAssembliesAndSetupDomain (128ms)
		LoadAssemblies (97ms)
		RebuildTransferFunctionScriptingTraits (0ms)
		AnalyzeDomain (127ms)
			TypeCache.Refresh (126ms)
				TypeCache.ScanAssembly (113ms)
			ScanForSourceGeneratedMonoScriptInfo (0ms)
			ResolveRequiredComponents (0ms)
	FinalizeReload (259ms)
		ReleaseScriptCaches (0ms)
		RebuildScriptCaches (0ms)
		SetupLoadedEditorAssemblies (203ms)
			LogAssemblyErrors (0ms)
			InitializePlatformSupportModulesInManaged (8ms)
			SetLoadedEditorAssemblies (7ms)
			RefreshPlugins (0ms)
			BeforeProcessingInitializeOnLoad (2ms)
			ProcessInitializeOnLoadAttributes (140ms)
			ProcessInitializeOnLoadMethodAttributes (46ms)
			AfterProcessingInitializeOnLoad (0ms)
			EditorAssembliesLoaded (0ms)
		ExecutionOrderSort2 (0ms)
		AwakeInstancesAfterBackupRestoration (0ms)
========================================================================
Worker process is ready to serve import requests
Begin MonoManager ReloadAssembly
- Loaded All Assemblies, in  0.677 seconds
Refreshing native plugins compatible for Editor in 4.19 ms, found 4 plugins.
Native extension for WindowsStandalone target not found
Package Manager log level set to [2]
[Package Manager] Server::EnsureServerProcessIsRunning -- launch failed, reason: Unity was launched with the -noUpm command-line argument
[Package Manager] UpmClient::Send -- Unable to send message (not connected to UPM process).
[Package Manager] Cannot connect to Unity Package Manager local server
Mono: successfully reloaded assembly
- Finished resetting the current domain, in  0.805 seconds
Domain Reload Profiling: 1479ms
	BeginReloadAssembly (139ms)
		ExecutionOrderSort (0ms)
		DisableScriptedObjects (6ms)
		BackupInstance (0ms)
		ReleaseScriptingObjects (0ms)
		CreateAndSetChildDomain (19ms)
	RebuildCommonClasses (31ms)
	RebuildNativeTypeToScriptingClass (11ms)
	initialDomainReloadingComplete (39ms)
	LoadAllAssembliesAndSetupDomain (454ms)
		LoadAssemblies (302ms)
		RebuildTransferFunctionScriptingTraits (0ms)
		AnalyzeDomain (232ms)
			TypeCache.Refresh (192ms)
				TypeCache.ScanAssembly (175ms)
			ScanForSourceGeneratedMonoScriptInfo (29ms)
			ResolveRequiredComponents (11ms)
	FinalizeReload (805ms)
		ReleaseScriptCaches (0ms)
		RebuildScriptCaches (0ms)
		SetupLoadedEditorAssemblies (627ms)
			LogAssemblyErrors (0ms)
			InitializePlatformSupportModulesInManaged (5ms)
			SetLoadedEditorAssemblies (6ms)
			RefreshPlugins (0ms)
			BeforeProcessingInitializeOnLoad (89ms)
			ProcessInitializeOnLoadAttributes (444ms)
			ProcessInitializeOnLoadMethodAttributes (78ms)
			AfterProcessingInitializeOnLoad (5ms)
			EditorAssembliesLoaded (0ms)
		ExecutionOrderSort2 (0ms)
		AwakeInstancesAfterBackupRestoration (7ms)
Launched and connected shader compiler UnityShaderCompiler.exe after 0.04 seconds
Refreshing native plugins compatible for Editor in 4.98 ms, found 4 plugins.
Preloading 0 native plugins for Editor in 0.00 ms.
Unloading 6246 Unused Serialized files (Serialized files now loaded: 0)
Unloading 105 unused Assets / (422.9 KB). Loaded Objects now: 6707.
Memory consumption went from 241.8 MB to 241.4 MB.
Total: 3.989300 ms (FindLiveObjects: 0.438800 ms CreateObjectMapping: 0.462300 ms MarkObjects: 2.847600 ms  DeleteObjects: 0.239400 ms)

AssetImportParameters requested are different than current active one (requested -> active):
  custom:container-demuxer-ogg: 62fdf1f143b41e24485cea50d1cbac27 -> 
  custom:video-decoder-ogg-theora: a1e56fd34408186e4bbccfd4996cb3dc -> 
  custom:framework-win-MediaFoundation: 216162199b28c13a410421893ffa2e32 -> 
  custom:CustomObjectIndexerAttribute: 4d1d7186bcbbfe361de5f0ad951e585c -> 
  custom:container-demuxer-webm: 4f35f7cbe854078d1ac9338744f61a02 -> 
  custom:container-muxer-webm: aa71ff27fc2769a1b78a27578f13a17b -> 
  custom:video-decoder-webm-vp8: 9c59270c3fd7afecdb556c50c9e8de78 -> 
  custom:SearchIndexIgnoredProperties: e643bd26f0fe6173181afceb89e7c659 -> 
  custom:AudioImporter_EditorPlatform: d09bf68614088b80899f8185d706f6e7 -> 
  custom:video-encoder-webm-vp8: eb34c28f22e8b96e1ab97ce403110664 -> 
  custom:audio-decoder-ogg-vorbis: bf7c407c2cedff20999df2af8eb42d56 -> 
  custom:audio-encoder-webm-vorbis: bf7c407c2cedff20999df2af8eb42d56 -> 
========================================================================
Received Import Request.
  Time since last request: 244.817676 seconds.
  path: Assets/Character-Animations/Skeleton/attack-A5.png
  artifactKey: Guid(7692c65a2f74da4e0a2889c0bc07a2e2) Importer(815301076,1909f56bfc062723c751e8b465ee728b)
Start importing Assets/Character-Animations/Skeleton/attack-A5.png using Guid(7692c65a2f74da4e0a2889c0bc07a2e2) Importer(815301076,1909f56bfc062723c751e8b465ee728b)  -> (artifact id: '4ed93ae56af18d50f502f0948a94b560') in 0.104407 seconds
Number of updated asset objects reloaded before import = 0
Number of asset objects unloaded after import = 3
========================================================================
Received Import Request.
  Time since last request: 0.000021 seconds.
  path: Assets/Character-Animations/Skeleton/attack-A6.png
  artifactKey: Guid(87349cae40b15d46cba129cad8b8341d) Importer(815301076,1909f56bfc062723c751e8b465ee728b)
Start importing Assets/Character-Animations/Skeleton/attack-A6.png using Guid(87349cae40b15d46cba129cad8b8341d) Importer(815301076,1909f56bfc062723c751e8b465ee728b)  -> (artifact id: '15239721880e6b74e4c95eaac2ed508b') in 0.014743 seconds
Number of updated asset objects reloaded before import = 0
Number of asset objects unloaded after import = 3
========================================================================
Received Import Request.
  Time since last request: 0.000025 seconds.
  path: Assets/Character-Animations/Skeleton/attack-A10.png
  artifactKey: Guid(bfb08c8c808d73fe090ec9bdc39a1110) Importer(815301076,1909f56bfc062723c751e8b465ee728b)
Start importing Assets/Character-Animations/Skeleton/attack-A10.png using Guid(bfb08c8c808d73fe090ec9bdc39a1110) Importer(815301076,1909f56bfc062723c751e8b465ee728b)  -> (artifact id: '4eafa295f1e128ea142b047d979498c1') in 0.019571 seconds
Number of updated asset objects reloaded before import = 0
Number of asset objects unloaded after import = 3
========================================================================
Received Import Request.
  Time since last request: 0.000012 seconds.
  path: Assets/Character-Animations/Skeleton/idle-1.png
  artifactKey: Guid(a5c34931f822aff5c8455bceafc7c29c) Importer(815301076,1909f56bfc062723c751e8b465ee728b)
Start importing Assets/Character-Animations/Skeleton/idle-1.png using Guid(a5c34931f822aff5c8455bceafc7c29c) Importer(815301076,1909f56bfc062723c751e8b465ee728b)  -> (artifact id: '16500eef73c1d6d2ad41e2d51b7c2312') in 0.014518 seconds
Number of updated asset objects reloaded before import = 0
Number of asset objects unloaded after import = 3
========================================================================
Received Import Request.
  Time since last request: 0.000012 seconds.
  path: Assets/Character-Animations/GraveRobber/GraveRobber_craft.png
  artifactKey: Guid(38c2ce336ee7e4478a1edfdbf8cab188) Importer(815301076,1909f56bfc062723c751e8b465ee728b)
Start importing Assets/Character-Animations/GraveRobber/GraveRobber_craft.png using Guid(38c2ce336ee7e4478a1edfdbf8cab188) Importer(815301076,1909f56bfc062723c751e8b465ee728b)  -> (artifact id: 'b3e0abef37d1c4548fe163aebb9a6424') in 0.017600 seconds
Number of updated asset objects reloaded before import = 0
Number of asset objects unloaded after import = 3
========================================================================
Received Import Request.
  Time since last request: 0.000013 seconds.
  path: Assets/Character-Animations/Skeleton/jump-2.png
  artifactKey: Guid(1963321b8be43e486b681334f8654e2b) Importer(815301076,1909f56bfc062723c751e8b465ee728b)
Start importing Assets/Character-Animations/Skeleton/jump-2.png using Guid(1963321b8be43e486b681334f8654e2b) Importer(815301076,1909f56bfc062723c751e8b465ee728b)  -> (artifact id: '08e2f3d6cadcc8366323d22c4263d0dd') in 0.016230 seconds
Number of updated asset objects reloaded before import = 0
Number of asset objects unloaded after import = 3
========================================================================
Received Import Request.
  Time since last request: 0.000011 seconds.
  path: Assets/Character-Animations/Goblin/Idle.png
  artifactKey: Guid(f043f5dcfb7f209bfb589ae5c10ac764) Importer(815301076,1909f56bfc062723c751e8b465ee728b)
Start importing Assets/Character-Animations/Goblin/Idle.png using Guid(f043f5dcfb7f209bfb589ae5c10ac764) Importer(815301076,1909f56bfc062723c751e8b465ee728b)  -> (artifact id: '67090a8afbd5f5aa514a97a9b7744ace') in 0.026841 seconds
Number of updated asset objects reloaded before import = 0
Number of asset objects unloaded after import = 6
========================================================================
Received Import Request.
  Time since last request: 0.000012 seconds.
  path: Assets/Character-Animations/GraveRobber/GraveRobber_push.png
  artifactKey: Guid(2377ad2c6faa5c7adad4b93e8c4dc116) Importer(815301076,1909f56bfc062723c751e8b465ee728b)
Start importing Assets/Character-Animations/GraveRobber/GraveRobber_push.png using Guid(2377ad2c6faa5c7adad4b93e8c4dc116) Importer(815301076,1909f56bfc062723c751e8b465ee728b)  -> (artifact id: '102b8540e2f6f3c7620bde7d3aac31f8') in 0.014574 seconds
Number of updated asset objects reloaded before import = 0
Number of asset objects unloaded after import = 3
========================================================================
Received Import Request.
  Time since last request: 0.000012 seconds.
  path: Assets/Character-Animations/Skeleton/attack-A11.png
  artifactKey: Guid(63dee09878398a8d2a07c04e69d78d86) Importer(815301076,1909f56bfc062723c751e8b465ee728b)
Start importing Assets/Character-Animations/Skeleton/attack-A11.png using Guid(63dee09878398a8d2a07c04e69d78d86) Importer(815301076,1909f56bfc062723c751e8b465ee728b)  -> (artifact id: 'a26f1889732d159e3987cb0cc1881fac') in 0.016936 seconds
Number of updated asset objects reloaded before import = 0
Number of asset objects unloaded after import = 3
========================================================================
Received Import Request.
  Time since last request: 0.000015 seconds.
  path: Assets/Character-Animations/Skeleton/dead-1.png
  artifactKey: Guid(b4b9fde5253bd682fafa7fb0be4b88fe) Importer(815301076,1909f56bfc062723c751e8b465ee728b)
Start importing Assets/Character-Animations/Skeleton/dead-1.png using Guid(b4b9fde5253bd682fafa7fb0be4b88fe) Importer(815301076,1909f56bfc062723c751e8b465ee728b)  -> (artifact id: '28f76d794c71c3e5d63af66f0aeb4151') in 0.016310 seconds
Number of updated asset objects reloaded before import = 0
Number of asset objects unloaded after import = 3
========================================================================
Received Import Request.
  Time since last request: 0.000019 seconds.
  path: Assets/Character-Animations/GraveRobber/GraveRobber_death.png
  artifactKey: Guid(b3101cadbcdef7ddda3a9df8d4913fad) Importer(815301076,1909f56bfc062723c751e8b465ee728b)
Start importing Assets/Character-Animations/GraveRobber/GraveRobber_death.png using Guid(b3101cadbcdef7ddda3a9df8d4913fad) Importer(815301076,1909f56bfc062723c751e8b465ee728b)  -> (artifact id: '56d21c9554dcbdae9e794949d9b5b9d3') in 0.013564 seconds
Number of updated asset objects reloaded before import = 0
Number of asset objects unloaded after import = 3
========================================================================
Received Import Request.
  Time since last request: 0.000013 seconds.
  path: Assets/Character-Animations/Skeleton/attack-A3.png
  artifactKey: Guid(58fe945b6e3f8164a81833a4cf34f1d8) Importer(815301076,1909f56bfc062723c751e8b465ee728b)
Start importing Assets/Character-Animations/Skeleton/attack-A3.png using Guid(58fe945b6e3f8164a81833a4cf34f1d8) Importer(815301076,1909f56bfc062723c751e8b465ee728b)  -> (artifact id: '0f178fa118651c4e32bb75e53a75d8d4') in 0.015343 seconds
Number of updated asset objects reloaded before import = 0
Number of asset objects unloaded after import = 3
========================================================================
Received Import Request.
  Time since last request: 0.000012 seconds.
  path: Assets/Character-Animations/Skeleton/jump-4.png
  artifactKey: Guid(7872b8a1db993d5028b36ccba379e369) Importer(815301076,1909f56bfc062723c751e8b465ee728b)
Start importing Assets/Character-Animations/Skeleton/jump-4.png using Guid(7872b8a1db993d5028b36ccba379e369) Importer(815301076,1909f56bfc062723c751e8b465ee728b)  -> (artifact id: '13728f8e93c8804e4c3aa38a884a9ae6') in 0.014883 seconds
Number of updated asset objects reloaded before import = 0
Number of asset objects unloaded after import = 3
========================================================================
Received Import Request.
  Time since last request: 0.000012 seconds.
  path: Assets/Character-Animations/Skeleton/hit-3.png
  artifactKey: Guid(0f5f23f2996f69bfdb961b839a1c1bba) Importer(815301076,1909f56bfc062723c751e8b465ee728b)
Start importing Assets/Character-Animations/Skeleton/hit-3.png using Guid(0f5f23f2996f69bfdb961b839a1c1bba) Importer(815301076,1909f56bfc062723c751e8b465ee728b)  -> (artifact id: 'f830ebe33847e2375d567914da2843b8') in 0.014843 seconds
Number of updated asset objects reloaded before import = 0
Number of asset objects unloaded after import = 3
========================================================================
Received Import Request.
  Time since last request: 0.000043 seconds.
  path: Assets/Character-Animations/GraveRobber/GraveRobber_attack1.png
  artifactKey: Guid(ab1e33147a595da4c9830c1ea218a93e) Importer(815301076,1909f56bfc062723c751e8b465ee728b)
Start importing Assets/Character-Animations/GraveRobber/GraveRobber_attack1.png using Guid(ab1e33147a595da4c9830c1ea218a93e) Importer(815301076,1909f56bfc062723c751e8b465ee728b)  -> (artifact id: 'd9cbcf9a8616c32178ffd9ae3305312e') in 0.015169 seconds
Number of updated asset objects reloaded before import = 0
Number of asset objects unloaded after import = 3
========================================================================
Received Import Request.
  Time since last request: 0.000012 seconds.
  path: Assets/Character-Animations/Skeleton/attack-A1.png
  artifactKey: Guid(f8941a6d8f2df49548a99487ad5d9f41) Importer(815301076,1909f56bfc062723c751e8b465ee728b)
Start importing Assets/Character-Animations/Skeleton/attack-A1.png using Guid(f8941a6d8f2df49548a99487ad5d9f41) Importer(815301076,1909f56bfc062723c751e8b465ee728b)  -> (artifact id: '5bf7397a3c5b65c278398ed103712c2a') in 0.011345 seconds
Number of updated asset objects reloaded before import = 0
Number of asset objects unloaded after import = 3
========================================================================
Received Import Request.
  Time since last request: 0.000011 seconds.
  path: Assets/Character-Animations/GraveRobber/GraveRobber_idle.png
  artifactKey: Guid(6f3131a60065285999b26b80c6ae84d0) Importer(815301076,1909f56bfc062723c751e8b465ee728b)
Start importing Assets/Character-Animations/GraveRobber/GraveRobber_idle.png using Guid(6f3131a60065285999b26b80c6ae84d0) Importer(815301076,1909f56bfc062723c751e8b465ee728b)  -> (artifact id: 'a1ecd03cccc26fb2969d9fe6f6cb9749') in 0.014961 seconds
Number of updated asset objects reloaded before import = 0
Number of asset objects unloaded after import = 3
========================================================================
Received Import Request.
  Time since last request: 0.000080 seconds.
  path: Assets/Character-Animations/Skeleton/shield-block-2.png
  artifactKey: Guid(1e2727a8ab7a28132b8c8b0e4375e694) Importer(815301076,1909f56bfc062723c751e8b465ee728b)
Start importing Assets/Character-Animations/Skeleton/shield-block-2.png using Guid(1e2727a8ab7a28132b8c8b0e4375e694) Importer(815301076,1909f56bfc062723c751e8b465ee728b)  -> (artifact id: '4b0ec89c95cdebe18754256d8f696e57') in 0.014935 seconds
Number of updated asset objects reloaded before import = 0
Number of asset objects unloaded after import = 3
========================================================================
Received Import Request.
  Time since last request: 0.000012 seconds.
  path: Assets/Character-Animations/Skeleton/attack-B7.png
  artifactKey: Guid(371da0e552fcdb890902bbafbb956565) Importer(815301076,1909f56bfc062723c751e8b465ee728b)
Start importing Assets/Character-Animations/Skeleton/attack-B7.png using Guid(371da0e552fcdb890902bbafbb956565) Importer(815301076,1909f56bfc062723c751e8b465ee728b)  -> (artifact id: '0529c4ef68e1e9b6f13ee471a9dd3004') in 0.014961 seconds
Number of updated asset objects reloaded before import = 0
Number of asset objects unloaded after import = 3
========================================================================
Received Import Request.
  Time since last request: 0.000015 seconds.
  path: Assets/Character-Animations/GraveRobber/GraveRobber_attack3.png
  artifactKey: Guid(01925a5eb2a2bbc1888ceb30dcc36290) Importer(815301076,1909f56bfc062723c751e8b465ee728b)
Start importing Assets/Character-Animations/GraveRobber/GraveRobber_attack3.png using Guid(01925a5eb2a2bbc1888ceb30dcc36290) Importer(815301076,1909f56bfc062723c751e8b465ee728b)  -> (artifact id: 'aec7092d2d498b8b50c94c02e80cc628') in 0.014430 seconds
Number of updated asset objects reloaded before import = 0
Number of asset objects unloaded after import = 3
========================================================================
Received Import Request.
  Time since last request: 0.000018 seconds.
  path: Assets/Character-Animations/Skeleton/idle-4.png
  artifactKey: Guid(1b796bba5e2979b4fab0d3a95868a449) Importer(815301076,1909f56bfc062723c751e8b465ee728b)
Start importing Assets/Character-Animations/Skeleton/idle-4.png using Guid(1b796bba5e2979b4fab0d3a95868a449) Importer(815301076,1909f56bfc062723c751e8b465ee728b)  -> (artifact id: 'cc60b8e0d65f6d1fea7483bb1ab07860') in 0.015980 seconds
Number of updated asset objects reloaded before import = 0
Number of asset objects unloaded after import = 3
========================================================================
Received Import Request.
  Time since last request: 0.000012 seconds.
  path: Assets/Character-Animations/Skeleton/idle-3.png
  artifactKey: Guid(ccfa79523f94e82939377eaeac7b7c33) Importer(815301076,1909f56bfc062723c751e8b465ee728b)
Start importing Assets/Character-Animations/Skeleton/idle-3.png using Guid(ccfa79523f94e82939377eaeac7b7c33) Importer(815301076,1909f56bfc062723c751e8b465ee728b)  -> (artifact id: 'd0fba97380680e716da19b1f673d0593') in 0.014674 seconds
Number of updated asset objects reloaded before import = 0
Number of asset objects unloaded after import = 3
========================================================================
Received Import Request.
  Time since last request: 0.000011 seconds.
  path: Assets/Character-Animations/Skeleton/dead-4.png
  artifactKey: Guid(271a3cd649e2b12f9af1b66d8ac0666f) Importer(815301076,1909f56bfc062723c751e8b465ee728b)
Start importing Assets/Character-Animations/Skeleton/dead-4.png using Guid(271a3cd649e2b12f9af1b66d8ac0666f) Importer(815301076,1909f56bfc062723c751e8b465ee728b)  -> (artifact id: '6370a1cc4dcf1760d3b20c370e09e9ba') in 0.014775 seconds
Number of updated asset objects reloaded before import = 0
Number of asset objects unloaded after import = 3
========================================================================
Received Import Request.
  Time since last request: 0.000013 seconds.
  path: Assets/Character-Animations/Goblin/Take Hit.png
  artifactKey: Guid(7302fd1305a88e7c6901c55335579d6e) Importer(815301076,1909f56bfc062723c751e8b465ee728b)
Start importing Assets/Character-Animations/Goblin/Take Hit.png using Guid(7302fd1305a88e7c6901c55335579d6e) Importer(815301076,1909f56bfc062723c751e8b465ee728b)  -> (artifact id: '60d22010ac935755139f99d5c65fb37e') in 0.024826 seconds
Number of updated asset objects reloaded before import = 0
Number of asset objects unloaded after import = 8
========================================================================
Received Import Request.
  Time since last request: 0.000012 seconds.
  path: Assets/Character-Animations/Skeleton/attack-A12.png
  artifactKey: Guid(6ea41469207c9ea0d9921ed8ab1ce762) Importer(815301076,1909f56bfc062723c751e8b465ee728b)
Start importing Assets/Character-Animations/Skeleton/attack-A12.png using Guid(6ea41469207c9ea0d9921ed8ab1ce762) Importer(815301076,1909f56bfc062723c751e8b465ee728b)  -> (artifact id: 'e79cd86a1148439bda1863fb6078ddd0') in 0.016425 seconds
Number of updated asset objects reloaded before import = 0
Number of asset objects unloaded after import = 3
========================================================================
Received Import Request.
  Time since last request: 0.000013 seconds.
  path: Assets/Character-Animations/Skeleton/jump-5.png
  artifactKey: Guid(56d2ac5d0185d4c40b66cd1c6beb933a) Importer(815301076,1909f56bfc062723c751e8b465ee728b)
Start importing Assets/Character-Animations/Skeleton/jump-5.png using Guid(56d2ac5d0185d4c40b66cd1c6beb933a) Importer(815301076,1909f56bfc062723c751e8b465ee728b)  -> (artifact id: 'ceb950fec3b29dda8094bf03f6a3bf10') in 0.014689 seconds
Number of updated asset objects reloaded before import = 0
Number of asset objects unloaded after import = 3
========================================================================
Received Import Request.
  Time since last request: 0.000012 seconds.
  path: Assets/Character-Animations/Skeleton/hit-1.png
  artifactKey: Guid(72beed686ea1a9daba8c4832ff38145e) Importer(815301076,1909f56bfc062723c751e8b465ee728b)
Start importing Assets/Character-Animations/Skeleton/hit-1.png using Guid(72beed686ea1a9daba8c4832ff38145e) Importer(815301076,1909f56bfc062723c751e8b465ee728b)  -> (artifact id: '58c3ffe972786f3c0fc53b6c76ebb59b') in 0.015582 seconds
Number of updated asset objects reloaded before import = 0
Number of asset objects unloaded after import = 3
========================================================================
Received Import Request.
  Time since last request: 0.000012 seconds.
  path: Assets/Character-Animations/GraveRobber/GraveRobber_walk.png
  artifactKey: Guid(03b09064c0185ea079757e1092267046) Importer(815301076,1909f56bfc062723c751e8b465ee728b)
Start importing Assets/Character-Animations/GraveRobber/GraveRobber_walk.png using Guid(03b09064c0185ea079757e1092267046) Importer(815301076,1909f56bfc062723c751e8b465ee728b)  -> (artifact id: 'c2c8e0da723b4deeb4b6ecc13a8f8ba0') in 0.014297 seconds
Number of updated asset objects reloaded before import = 0
Number of asset objects unloaded after import = 3
========================================================================
Received Import Request.
  Time since last request: 0.000016 seconds.
  path: Assets/Character-Animations/Skeleton/shield-block-1.png
  artifactKey: Guid(1be0c172a9f57b10ab25e732d649cdd4) Importer(815301076,1909f56bfc062723c751e8b465ee728b)
Start importing Assets/Character-Animations/Skeleton/shield-block-1.png using Guid(1be0c172a9f57b10ab25e732d649cdd4) Importer(815301076,1909f56bfc062723c751e8b465ee728b)  -> (artifact id: 'e25ffc33f3c1d5af3d0d506e5713de9c') in 0.014362 seconds
Number of updated asset objects reloaded before import = 0
Number of asset objects unloaded after import = 3
========================================================================
Received Import Request.
  Time since last request: 0.000021 seconds.
  path: Assets/Character-Animations/GraveRobber/GraveRobber_jump.png
  artifactKey: Guid(094c63ff02fb3887a89b0d1c690318b8) Importer(815301076,1909f56bfc062723c751e8b465ee728b)
Start importing Assets/Character-Animations/GraveRobber/GraveRobber_jump.png using Guid(094c63ff02fb3887a89b0d1c690318b8) Importer(815301076,1909f56bfc062723c751e8b465ee728b)  -> (artifact id: 'a69df3f025afe64e3cedcd00099106d0') in 0.014547 seconds
Number of updated asset objects reloaded before import = 0
Number of asset objects unloaded after import = 3
========================================================================
Received Import Request.
  Time since last request: 0.000019 seconds.
  path: Assets/Character-Animations/Skeleton/attack-A7.png
  artifactKey: Guid(e50c1317748f0fdbfb0598180acbb5c4) Importer(815301076,1909f56bfc062723c751e8b465ee728b)
Start importing Assets/Character-Animations/Skeleton/attack-A7.png using Guid(e50c1317748f0fdbfb0598180acbb5c4) Importer(815301076,1909f56bfc062723c751e8b465ee728b)  -> (artifact id: '9527cecf87a7992f540eb18d8159caa4') in 0.014903 seconds
Number of updated asset objects reloaded before import = 0
Number of asset objects unloaded after import = 3
========================================================================
Received Import Request.
  Time since last request: 0.000011 seconds.
  path: Assets/Character-Animations/Skeleton/attack-B3.png
  artifactKey: Guid(5a4e9f15a7cfd3bed8aad613bf76d2d7) Importer(815301076,1909f56bfc062723c751e8b465ee728b)
Start importing Assets/Character-Animations/Skeleton/attack-B3.png using Guid(5a4e9f15a7cfd3bed8aad613bf76d2d7) Importer(815301076,1909f56bfc062723c751e8b465ee728b)  -> (artifact id: '0c2e64f85bb92e8dcf2b4f420c633a5c') in 0.014319 seconds
Number of updated asset objects reloaded before import = 0
Number of asset objects unloaded after import = 3
========================================================================
Received Import Request.
  Time since last request: 0.000012 seconds.
  path: Assets/Character-Animations/Skeleton/walk-3.png
  artifactKey: Guid(6ee025058440daa8f9a2fa335d01ee1a) Importer(815301076,1909f56bfc062723c751e8b465ee728b)
Start importing Assets/Character-Animations/Skeleton/walk-3.png using Guid(6ee025058440daa8f9a2fa335d01ee1a) Importer(815301076,1909f56bfc062723c751e8b465ee728b)  -> (artifact id: '0c625305d37690055ee7baf078cd1985') in 0.014961 seconds
Number of updated asset objects reloaded before import = 0
Number of asset objects unloaded after import = 3
========================================================================
Received Import Request.
  Time since last request: 0.000109 seconds.
  path: Assets/Character-Animations/GraveRobber/GraveRobber_attack2.png
  artifactKey: Guid(2d29a7d377044ebdf83840b3456c0ac0) Importer(815301076,1909f56bfc062723c751e8b465ee728b)
Start importing Assets/Character-Animations/GraveRobber/GraveRobber_attack2.png using Guid(2d29a7d377044ebdf83840b3456c0ac0) Importer(815301076,1909f56bfc062723c751e8b465ee728b)  -> (artifact id: '18da95eb3be0117a7b21b492670a0f05') in 0.014835 seconds
Number of updated asset objects reloaded before import = 0
Number of asset objects unloaded after import = 3
========================================================================
Received Import Request.
  Time since last request: 0.000012 seconds.
  path: Assets/Character-Animations/Skeleton/hit-2.png
  artifactKey: Guid(3abc7b499feb789e2b4f54cee3cc2f50) Importer(815301076,1909f56bfc062723c751e8b465ee728b)
Start importing Assets/Character-Animations/Skeleton/hit-2.png using Guid(3abc7b499feb789e2b4f54cee3cc2f50) Importer(815301076,1909f56bfc062723c751e8b465ee728b)  -> (artifact id: '6e5e87658ff71058ece3b0b40d1a23fe') in 0.015838 seconds
Number of updated asset objects reloaded before import = 0
Number of asset objects unloaded after import = 3
========================================================================
Received Import Request.
  Time since last request: 0.000048 seconds.
  path: Assets/Character-Animations/Skeleton/jump-3.png
  artifactKey: Guid(cf96bda119273d48b865e1b49812edbd) Importer(815301076,1909f56bfc062723c751e8b465ee728b)
Start importing Assets/Character-Animations/Skeleton/jump-3.png using Guid(cf96bda119273d48b865e1b49812edbd) Importer(815301076,1909f56bfc062723c751e8b465ee728b)  -> (artifact id: '86ebf38bb9d1330101356cdbc1ee0853') in 0.014961 seconds
Number of updated asset objects reloaded before import = 0
Number of asset objects unloaded after import = 3
========================================================================
Received Import Request.
  Time since last request: 0.000051 seconds.
  path: Assets/Character-Animations/Skeleton/attack-B1.png
  artifactKey: Guid(89983b86409b96afa94dce4f14c97092) Importer(815301076,1909f56bfc062723c751e8b465ee728b)
Start importing Assets/Character-Animations/Skeleton/attack-B1.png using Guid(89983b86409b96afa94dce4f14c97092) Importer(815301076,1909f56bfc062723c751e8b465ee728b)  -> (artifact id: 'd4a41c83d8bb7a1edd5b9ba4623e6e46') in 0.012253 seconds
Number of updated asset objects reloaded before import = 0
Number of asset objects unloaded after import = 3
========================================================================
Received Import Request.
  Time since last request: 0.000011 seconds.
  path: Assets/Character-Animations/Skeleton/attack-A8.png
  artifactKey: Guid(546b793b0b25f998495ea52438fe573d) Importer(815301076,1909f56bfc062723c751e8b465ee728b)
Start importing Assets/Character-Animations/Skeleton/attack-A8.png using Guid(546b793b0b25f998495ea52438fe573d) Importer(815301076,1909f56bfc062723c751e8b465ee728b)  -> (artifact id: '1aa3df57f01853b37f1816e846286c22') in 0.015352 seconds
Number of updated asset objects reloaded before import = 0
Number of asset objects unloaded after import = 3
========================================================================
Received Import Request.
  Time since last request: 0.000042 seconds.
  path: Assets/Character-Animations/Skeleton/attack-B5.png
  artifactKey: Guid(644b6e5300148ae7dbeedc6687dde4d4) Importer(815301076,1909f56bfc062723c751e8b465ee728b)
Start importing Assets/Character-Animations/Skeleton/attack-B5.png using Guid(644b6e5300148ae7dbeedc6687dde4d4) Importer(815301076,1909f56bfc062723c751e8b465ee728b)  -> (artifact id: '1c08342af48fc0a828be26351763046a') in 0.014712 seconds
Number of updated asset objects reloaded before import = 0
Number of asset objects unloaded after import = 3
========================================================================
Received Import Request.
  Time since last request: 0.000022 seconds.
  path: Assets/Character-Animations/Skeleton/walk-5.png
  artifactKey: Guid(90043a12012d0b49db92812d3e85c5b8) Importer(815301076,1909f56bfc062723c751e8b465ee728b)
Start importing Assets/Character-Animations/Skeleton/walk-5.png using Guid(90043a12012d0b49db92812d3e85c5b8) Importer(815301076,1909f56bfc062723c751e8b465ee728b)  -> (artifact id: 'a10a2c8f972df3ca6f6c4ac0b020615c') in 0.015630 seconds
Number of updated asset objects reloaded before import = 0
Number of asset objects unloaded after import = 3
========================================================================
Received Import Request.
  Time since last request: 0.000051 seconds.
  path: Assets/Character-Animations/Skeleton/attack-A9.png
  artifactKey: Guid(63e4e5ddffd872eaaa9a6cb36a053b74) Importer(815301076,1909f56bfc062723c751e8b465ee728b)
Start importing Assets/Character-Animations/Skeleton/attack-A9.png using Guid(63e4e5ddffd872eaaa9a6cb36a053b74) Importer(815301076,1909f56bfc062723c751e8b465ee728b)  -> (artifact id: 'b7fc5fd8cc89b5e4396e8c8ef6795a6e') in 0.014880 seconds
Number of updated asset objects reloaded before import = 0
Number of asset objects unloaded after import = 3
========================================================================
Received Import Request.
  Time since last request: 0.000025 seconds.
  path: Assets/Character-Animations/Skeleton/attack-B6.png
  artifactKey: Guid(3141a0d43fcf6917ab843287b9ffdb34) Importer(815301076,1909f56bfc062723c751e8b465ee728b)
Start importing Assets/Character-Animations/Skeleton/attack-B6.png using Guid(3141a0d43fcf6917ab843287b9ffdb34) Importer(815301076,1909f56bfc062723c751e8b465ee728b)  -> (artifact id: 'f49b040db683eb4c9bae4ce1a9f5577f') in 0.015779 seconds
Number of updated asset objects reloaded before import = 0
Number of asset objects unloaded after import = 3
========================================================================
Received Import Request.
  Time since last request: 0.000012 seconds.
  path: Assets/Character-Animations/GraveRobber/GraveRobber_climb.png
  artifactKey: Guid(0597705c9a9f8200cab8725f1910fddc) Importer(815301076,1909f56bfc062723c751e8b465ee728b)
Start importing Assets/Character-Animations/GraveRobber/GraveRobber_climb.png using Guid(0597705c9a9f8200cab8725f1910fddc) Importer(815301076,1909f56bfc062723c751e8b465ee728b)  -> (artifact id: '3c447d5b714994dec1023c68e840a6d6') in 0.014095 seconds
Number of updated asset objects reloaded before import = 0
Number of asset objects unloaded after import = 3
========================================================================
Received Import Request.
  Time since last request: 0.000013 seconds.
  path: Assets/Character-Animations/GraveRobber/GraveRobber_hurt.png
  artifactKey: Guid(1f319e80296bada2faebe5868dbf52a2) Importer(815301076,1909f56bfc062723c751e8b465ee728b)
Start importing Assets/Character-Animations/GraveRobber/GraveRobber_hurt.png using Guid(1f319e80296bada2faebe5868dbf52a2) Importer(815301076,1909f56bfc062723c751e8b465ee728b)  -> (artifact id: 'fda03705a586e4ac66b3ccd608349942') in 0.016621 seconds
Number of updated asset objects reloaded before import = 0
Number of asset objects unloaded after import = 3
========================================================================
Received Import Request.
  Time since last request: 0.000012 seconds.
  path: Assets/Character-Animations/Skeleton/attack-B2.png
  artifactKey: Guid(0bf2c0ddc8c0a1a619944c8fc17243de) Importer(815301076,1909f56bfc062723c751e8b465ee728b)
Start importing Assets/Character-Animations/Skeleton/attack-B2.png using Guid(0bf2c0ddc8c0a1a619944c8fc17243de) Importer(815301076,1909f56bfc062723c751e8b465ee728b)  -> (artifact id: 'f2104535610da5f81a51ca70e3c62b05') in 0.015444 seconds
Number of updated asset objects reloaded before import = 0
Number of asset objects unloaded after import = 3
========================================================================
Received Import Request.
  Time since last request: 0.000012 seconds.
  path: Assets/Character-Animations/Skeleton/idle-2.png
  artifactKey: Guid(96ff8eb71c44885f88979d3b52808b91) Importer(815301076,1909f56bfc062723c751e8b465ee728b)
Start importing Assets/Character-Animations/Skeleton/idle-2.png using Guid(96ff8eb71c44885f88979d3b52808b91) Importer(815301076,1909f56bfc062723c751e8b465ee728b)  -> (artifact id: 'c77ce96c9f6ea58bcec71958ff5facf0') in 0.015978 seconds
Number of updated asset objects reloaded before import = 0
Number of asset objects unloaded after import = 3
========================================================================
Received Import Request.
  Time since last request: 0.000017 seconds.
  path: Assets/Character-Animations/Skeleton/attack-A4.png
  artifactKey: Guid(d10a0d772cae6d6f38c19302bdbbe475) Importer(815301076,1909f56bfc062723c751e8b465ee728b)
Start importing Assets/Character-Animations/Skeleton/attack-A4.png using Guid(d10a0d772cae6d6f38c19302bdbbe475) Importer(815301076,1909f56bfc062723c751e8b465ee728b)  -> (artifact id: 'be9e55682dd711d80c5334a644a12497') in 0.015896 seconds
Number of updated asset objects reloaded before import = 0
Number of asset objects unloaded after import = 3
========================================================================
Received Import Request.
  Time since last request: 0.000012 seconds.
  path: Assets/Character-Animations/Skeleton/dead-3.png
  artifactKey: Guid(71491422b9d1ba7c5835ac678246c034) Importer(815301076,1909f56bfc062723c751e8b465ee728b)
Start importing Assets/Character-Animations/Skeleton/dead-3.png using Guid(71491422b9d1ba7c5835ac678246c034) Importer(815301076,1909f56bfc062723c751e8b465ee728b)  -> (artifact id: 'b682cc3a19fd5717cd572fe391d56cde') in 0.015619 seconds
Number of updated asset objects reloaded before import = 0
Number of asset objects unloaded after import = 3
========================================================================
Received Import Request.
  Time since last request: 0.000021 seconds.
  path: Assets/Character-Animations/Skeleton/walk-6.png
  artifactKey: Guid(982e4c0b3d686f2a1b006b1b4adc448d) Importer(815301076,1909f56bfc062723c751e8b465ee728b)
Start importing Assets/Character-Animations/Skeleton/walk-6.png using Guid(982e4c0b3d686f2a1b006b1b4adc448d) Importer(815301076,1909f56bfc062723c751e8b465ee728b)  -> (artifact id: 'f4ad1dbd5b50e3682e5e65b5a8662d19') in 0.014572 seconds
Number of updated asset objects reloaded before import = 0
Number of asset objects unloaded after import = 3
========================================================================
Received Import Request.
  Time since last request: 0.000013 seconds.
  path: Assets/Character-Animations/Skeleton/attack-A2.png
  artifactKey: Guid(9e9a4fab268b16ef2bdce4a70d0adeaa) Importer(815301076,1909f56bfc062723c751e8b465ee728b)
Start importing Assets/Character-Animations/Skeleton/attack-A2.png using Guid(9e9a4fab268b16ef2bdce4a70d0adeaa) Importer(815301076,1909f56bfc062723c751e8b465ee728b)  -> (artifact id: 'dddb68bc6d0effdd1570100550c4d0ad') in 0.014409 seconds
Number of updated asset objects reloaded before import = 0
Number of asset objects unloaded after import = 3
========================================================================
Received Import Request.
  Time since last request: 0.000031 seconds.
  path: Assets/Character-Animations/Skeleton/walk-1.png
  artifactKey: Guid(281c2905d53090476b8a2d25fa28e396) Importer(815301076,1909f56bfc062723c751e8b465ee728b)
Start importing Assets/Character-Animations/Skeleton/walk-1.png using Guid(281c2905d53090476b8a2d25fa28e396) Importer(815301076,1909f56bfc062723c751e8b465ee728b)  -> (artifact id: '6742583d7b76b6e0e920835c9c88ca16') in 0.016287 seconds
Number of updated asset objects reloaded before import = 0
Number of asset objects unloaded after import = 3
========================================================================
Received Import Request.
  Time since last request: 0.000013 seconds.
  path: Assets/Character-Animations/Skeleton/walk-2.png
  artifactKey: Guid(bd0c66fa18d29439684bd14501f6ba9c) Importer(815301076,1909f56bfc062723c751e8b465ee728b)
Start importing Assets/Character-Animations/Skeleton/walk-2.png using Guid(bd0c66fa18d29439684bd14501f6ba9c) Importer(815301076,1909f56bfc062723c751e8b465ee728b)  -> (artifact id: 'e937e146af94b4c9fc1b9d37d179f266') in 0.015468 seconds
Number of updated asset objects reloaded before import = 0
Number of asset objects unloaded after import = 3
========================================================================
Received Import Request.
  Time since last request: 0.000019 seconds.
  path: Assets/Character-Animations/Skeleton/jump-1.png
  artifactKey: Guid(2a08e5b869b29ac7f9539be0364e70ec) Importer(815301076,1909f56bfc062723c751e8b465ee728b)
Start importing Assets/Character-Animations/Skeleton/jump-1.png using Guid(2a08e5b869b29ac7f9539be0364e70ec) Importer(815301076,1909f56bfc062723c751e8b465ee728b)  -> (artifact id: '050812a5b1e84b55c61360fb82da2632') in 0.015256 seconds
Number of updated asset objects reloaded before import = 0
Number of asset objects unloaded after import = 3
========================================================================
Received Import Request.
  Time since last request: 0.000013 seconds.
  path: Assets/Character-Animations/Skeleton/attack-B4.png
  artifactKey: Guid(7387f63ec0695b7e5b574dbbb0fc0dda) Importer(815301076,1909f56bfc062723c751e8b465ee728b)
Start importing Assets/Character-Animations/Skeleton/attack-B4.png using Guid(7387f63ec0695b7e5b574dbbb0fc0dda) Importer(815301076,1909f56bfc062723c751e8b465ee728b)  -> (artifact id: 'ebfe3cf156902307845e9705b0a938d7') in 0.016457 seconds
Number of updated asset objects reloaded before import = 0
Number of asset objects unloaded after import = 3
========================================================================
Received Import Request.
  Time since last request: 0.000014 seconds.
  path: Assets/Character-Animations/Skeleton/walk-4.png
  artifactKey: Guid(03f1b016d18d6638cb7e1d9cbae28681) Importer(815301076,1909f56bfc062723c751e8b465ee728b)
Start importing Assets/Character-Animations/Skeleton/walk-4.png using Guid(03f1b016d18d6638cb7e1d9cbae28681) Importer(815301076,1909f56bfc062723c751e8b465ee728b)  -> (artifact id: 'f4425687967726486a890a024b168999') in 0.015314 seconds
Number of updated asset objects reloaded before import = 0
Number of asset objects unloaded after import = 3
========================================================================
Received Import Request.
  Time since last request: 0.000076 seconds.
  path: Assets/Character-Animations/GraveRobber/GraveRobber_run.png
  artifactKey: Guid(e3c5e607fdad67af99619b3c23024844) Importer(815301076,1909f56bfc062723c751e8b465ee728b)
Start importing Assets/Character-Animations/GraveRobber/GraveRobber_run.png using Guid(e3c5e607fdad67af99619b3c23024844) Importer(815301076,1909f56bfc062723c751e8b465ee728b)  -> (artifact id: 'b8f774e6b1de13639a87645f1460bcb1') in 0.015013 seconds
Number of updated asset objects reloaded before import = 0
Number of asset objects unloaded after import = 3
========================================================================
Received Import Request.
  Time since last request: 0.000035 seconds.
  path: Assets/Character-Animations/Skeleton/dead-2.png
  artifactKey: Guid(29f6f2d4642bd980daee1aebefa34241) Importer(815301076,1909f56bfc062723c751e8b465ee728b)
Start importing Assets/Character-Animations/Skeleton/dead-2.png using Guid(29f6f2d4642bd980daee1aebefa34241) Importer(815301076,1909f56bfc062723c751e8b465ee728b)  -> (artifact id: 'ba1a3563b5565540f4cd39cddcd7dab8') in 0.015449 seconds
Number of updated asset objects reloaded before import = 0
Number of asset objects unloaded after import = 3
========================================================================
Received Import Request.
  Time since last request: 30.960719 seconds.
  path: Assets/Characters/Enemies/Goblin/Goblin.prefab
  artifactKey: Guid(574405fd14fcb7ab0a944332009c380a) Importer(815301076,1909f56bfc062723c751e8b465ee728b)
Start importing Assets/Characters/Enemies/Goblin/Goblin.prefab using Guid(574405fd14fcb7ab0a944332009c380a) Importer(815301076,1909f56bfc062723c751e8b465ee728b)  -> (artifact id: 'f617c0a04301da0f95e1ffbebe427e40') in 0.191989 seconds
Number of updated asset objects reloaded before import = 0
Number of asset objects unloaded after import = 55
========================================================================
Received Import Request.
  Time since last request: 3.191493 seconds.
  path: Assets/Characters/Enemies/Goblin/GoblinAttack1.anim
  artifactKey: Guid(db4eec37f16aa1d44a5569af93b4e931) Importer(815301076,1909f56bfc062723c751e8b465ee728b)
Start importing Assets/Characters/Enemies/Goblin/GoblinAttack1.anim using Guid(db4eec37f16aa1d44a5569af93b4e931) Importer(815301076,1909f56bfc062723c751e8b465ee728b)  -> (artifact id: 'c9d539a3ab91f757efa0c770a1b766d1') in 0.001121 seconds
Number of updated asset objects reloaded before import = 0
Number of asset objects unloaded after import = 1
========================================================================
Received Import Request.
  Time since last request: 2.149579 seconds.
  path: Assets/Characters/Enemies/Goblin/GoblinAnimationController.controller
  artifactKey: Guid(1ac9e4177a49efe0eb052726160e5019) Importer(815301076,1909f56bfc062723c751e8b465ee728b)
Start importing Assets/Characters/Enemies/Goblin/GoblinAnimationController.controller using Guid(1ac9e4177a49efe0eb052726160e5019) Importer(815301076,1909f56bfc062723c751e8b465ee728b)  -> (artifact id: 'a5c40cc145201d2820c67c8d206cb310') in 0.002739 seconds
Number of updated asset objects reloaded before import = 0
Number of asset objects unloaded after import = 28
========================================================================
Received Import Request.
  Time since last request: 10.290633 seconds.
  path: Assets/Characters/Enemies/TreeCreature/TreeCreature.prefab
  artifactKey: Guid(8790b7cfcf90aa1d1979a0528c35231b) Importer(815301076,1909f56bfc062723c751e8b465ee728b)
Start importing Assets/Characters/Enemies/TreeCreature/TreeCreature.prefab using Guid(8790b7cfcf90aa1d1979a0528c35231b) Importer(815301076,1909f56bfc062723c751e8b465ee728b)  -> (artifact id: 'ce708efaf40f687deecd7306b3e800fb') in 0.040337 seconds
Number of updated asset objects reloaded before import = 0
Number of asset objects unloaded after import = 95
========================================================================
Received Import Request.
  Time since last request: 262.181426 seconds.
  path: Assets/Characters/Enemies/TreeCreature/TreeCreatureAnimationController.controller
  artifactKey: Guid(04c9d9b0741d2611882775d43b1d8f02) Importer(815301076,1909f56bfc062723c751e8b465ee728b)
Start importing Assets/Characters/Enemies/TreeCreature/TreeCreatureAnimationController.controller using Guid(04c9d9b0741d2611882775d43b1d8f02) Importer(815301076,1909f56bfc062723c751e8b465ee728b)  -> (artifact id: '21a64afa2643a4bca7d1a76a62631442') in 0.003741 seconds
Number of updated asset objects reloaded before import = 0
Number of asset objects unloaded after import = 30
========================================================================
Received Import Request.
  Time since last request: 9.470232 seconds.
  path: Assets/Characters/Enemies/TreeCreature/TreeCreatureWalk.anim
  artifactKey: Guid(bce5eca2246c209d3af113f8954172b3) Importer(815301076,1909f56bfc062723c751e8b465ee728b)
Start importing Assets/Characters/Enemies/TreeCreature/TreeCreatureWalk.anim using Guid(bce5eca2246c209d3af113f8954172b3) Importer(815301076,1909f56bfc062723c751e8b465ee728b)  -> (artifact id: '3487ec6e0e10904440931c73291312bd') in 0.001039 seconds
Number of updated asset objects reloaded before import = 0
Number of asset objects unloaded after import = 1
========================================================================
Received Import Request.
  Time since last request: 11.575878 seconds.
  path: Assets/Characters/Enemies/FlyingCreature/FlyingCreature.prefab
  artifactKey: Guid(5ef225eabe30b400686394aba13a131d) Importer(815301076,1909f56bfc062723c751e8b465ee728b)
Start importing Assets/Characters/Enemies/FlyingCreature/FlyingCreature.prefab using Guid(5ef225eabe30b400686394aba13a131d) Importer(815301076,1909f56bfc062723c751e8b465ee728b)  -> (artifact id: 'f88069b4f531b071c6fbdb797ef2cffb') in 0.030531 seconds
Number of updated asset objects reloaded before import = 0
Number of asset objects unloaded after import = 76
========================================================================
Received Import Request.
  Time since last request: 1.141888 seconds.
  path: Assets/Characters/Enemies/Camel/Mummy.prefab
  artifactKey: Guid(cca389fe61a11e980b97971de0a7e8e4) Importer(815301076,1909f56bfc062723c751e8b465ee728b)
Start importing Assets/Characters/Enemies/Camel/Mummy.prefab using Guid(cca389fe61a11e980b97971de0a7e8e4) Importer(815301076,1909f56bfc062723c751e8b465ee728b)  -> (artifact id: '7ae47a105e311d10b0bef7b1815ab056') in 0.159417 seconds
Number of updated asset objects reloaded before import = 0
Number of asset objects unloaded after import = 117
========================================================================
Received Import Request.
  Time since last request: 0.517079 seconds.
  path: Assets/Characters/Enemies/Arab/Arab.prefab
  artifactKey: Guid(da6cefdccf5130a17aed74fc33840403) Importer(815301076,1909f56bfc062723c751e8b465ee728b)
Start importing Assets/Characters/Enemies/Arab/Arab.prefab using Guid(da6cefdccf5130a17aed74fc33840403) Importer(815301076,1909f56bfc062723c751e8b465ee728b)  -> (artifact id: 'c8b54892e67189b222b7f8c2d5627110') in 0.248292 seconds
Number of updated asset objects reloaded before import = 0
Number of asset objects unloaded after import = 137
========================================================================
Received Import Request.
  Time since last request: 5.590966 seconds.
  path: Assets/Characters/Enemies/Arab/ArabAttack1.anim
  artifactKey: Guid(395fb004e92357abdb1780b97dcfd961) Importer(815301076,1909f56bfc062723c751e8b465ee728b)
Start importing Assets/Characters/Enemies/Arab/ArabAttack1.anim using Guid(395fb004e92357abdb1780b97dcfd961) Importer(815301076,1909f56bfc062723c751e8b465ee728b)  -> (artifact id: '8c41a0e2fa1e554365b9ec753c1ec59b') in 0.001104 seconds
Number of updated asset objects reloaded before import = 0
Number of asset objects unloaded after import = 1
========================================================================
Received Import Request.
  Time since last request: 1.232285 seconds.
  path: Assets/Characters/Enemies/Arab/ArabAnimationController.controller
  artifactKey: Guid(83b20bb07437e1905a02b58fd0ee86ac) Importer(815301076,1909f56bfc062723c751e8b465ee728b)
Start importing Assets/Characters/Enemies/Arab/ArabAnimationController.controller using Guid(83b20bb07437e1905a02b58fd0ee86ac) Importer(815301076,1909f56bfc062723c751e8b465ee728b)  -> (artifact id: 'cc1bfcc8f51817e9f20b08c7b7d4df0b') in 0.002664 seconds
Number of updated asset objects reloaded before import = 0
Number of asset objects unloaded after import = 28
========================================================================
Received Import Request.
  Time since last request: 54.247307 seconds.
  path: Assets/Characters/Enemies/Skeleton
  artifactKey: Guid(218dbe7cb02a18a24ba6c642e42eb411) Importer(815301076,1909f56bfc062723c751e8b465ee728b)
Start importing Assets/Characters/Enemies/Skeleton using Guid(218dbe7cb02a18a24ba6c642e42eb411) Importer(815301076,1909f56bfc062723c751e8b465ee728b)  -> (artifact id: '44d950f7b5a3933969c9eb107e5ec39a') in 0.000436 seconds
Number of updated asset objects reloaded before import = 0
Number of asset objects unloaded after import = 0
========================================================================
Received Import Request.
  Time since last request: 15.678455 seconds.
  path: Assets/Characters/Enemies/Skeleton/idle-4.png
  artifactKey: Guid(86258192596f6744e9d9c86ca6a79548) Importer(815301076,1909f56bfc062723c751e8b465ee728b)
Start importing Assets/Characters/Enemies/Skeleton/idle-4.png using Guid(86258192596f6744e9d9c86ca6a79548) Importer(815301076,1909f56bfc062723c751e8b465ee728b)  -> (artifact id: '5aeaac54fa7d4271ae86ab69817db34c') in 0.018937 seconds
Number of updated asset objects reloaded before import = 0
Number of asset objects unloaded after import = 3
========================================================================
Received Import Request.
  Time since last request: 10.635817 seconds.
  path: Assets/Character-Animations/Old-Woman/Player.prefab
  artifactKey: Guid(b00bb267c34819d80b13eeb881c03ada) Importer(815301076,1909f56bfc062723c751e8b465ee728b)
Start importing Assets/Character-Animations/Old-Woman/Player.prefab using Guid(b00bb267c34819d80b13eeb881c03ada) Importer(815301076,1909f56bfc062723c751e8b465ee728b)  -> (artifact id: 'f5e5f3dee960a593f4580ce125df7534') in 0.163288 seconds
Number of updated asset objects reloaded before import = 0
Number of asset objects unloaded after import = 182
========================================================================
Received Import Request.
  Time since last request: 554.516920 seconds.
  path: Assets/Characters/Enemies/Skeleton/Goblin.prefab
  artifactKey: Guid(fa96030e78b05d643b6826d9a9a8c7a5) Importer(815301076,1909f56bfc062723c751e8b465ee728b)
Start importing Assets/Characters/Enemies/Skeleton/Goblin.prefab using Guid(fa96030e78b05d643b6826d9a9a8c7a5) Importer(815301076,1909f56bfc062723c751e8b465ee728b)  -> (artifact id: '733c5f1f22d489744945d33200adcb24') in 0.077112 seconds
Number of updated asset objects reloaded before import = 0
Number of asset objects unloaded after import = 85
========================================================================
Received Import Request.
  Time since last request: 21.396537 seconds.
  path: Assets/Characters/Enemies/Skeleton/Goblin.prefab
  artifactKey: Guid(fa96030e78b05d643b6826d9a9a8c7a5) Importer(815301076,1909f56bfc062723c751e8b465ee728b)
Start importing Assets/Characters/Enemies/Skeleton/Goblin.prefab using Guid(fa96030e78b05d643b6826d9a9a8c7a5) Importer(815301076,1909f56bfc062723c751e8b465ee728b)  -> (artifact id: 'f0ae5f154df45af7ca42ab6c8ba2a4e9') in 0.014663 seconds
Number of updated asset objects reloaded before import = 0
Number of asset objects unloaded after import = 85
========================================================================
Received Import Request.
  Time since last request: 28.404162 seconds.
  path: Assets/Characters/Enemies/Skeleton/Skeleton.prefab
  artifactKey: Guid(fa96030e78b05d643b6826d9a9a8c7a5) Importer(815301076,1909f56bfc062723c751e8b465ee728b)
Start importing Assets/Characters/Enemies/Skeleton/Skeleton.prefab using Guid(fa96030e78b05d643b6826d9a9a8c7a5) Importer(815301076,1909f56bfc062723c751e8b465ee728b)  -> (artifact id: 'cec04f6a0067e891d9f54d706d3683ef') in 0.012617 seconds
Number of updated asset objects reloaded before import = 0
Number of asset objects unloaded after import = 85
========================================================================
Received Import Request.
  Time since last request: 22.590188 seconds.
  path: Assets/Characters/Enemies/Skeleton/Skeleton.prefab
  artifactKey: Guid(fa96030e78b05d643b6826d9a9a8c7a5) Importer(815301076,1909f56bfc062723c751e8b465ee728b)
Start importing Assets/Characters/Enemies/Skeleton/Skeleton.prefab using Guid(fa96030e78b05d643b6826d9a9a8c7a5) Importer(815301076,1909f56bfc062723c751e8b465ee728b)  -> (artifact id: '849375bc344b334b8a3a23802ae1618a') in 0.013688 seconds
Number of updated asset objects reloaded before import = 0
Number of asset objects unloaded after import = 85
========================================================================
Received Import Request.
  Time since last request: 1.124322 seconds.
  path: Assets/Characters/Enemies/Skeleton/Skeleton.prefab
  artifactKey: Guid(fa96030e78b05d643b6826d9a9a8c7a5) Importer(815301076,1909f56bfc062723c751e8b465ee728b)
Start importing Assets/Characters/Enemies/Skeleton/Skeleton.prefab using Guid(fa96030e78b05d643b6826d9a9a8c7a5) Importer(815301076,1909f56bfc062723c751e8b465ee728b)  -> (artifact id: 'd8d3dfbecf1a817673c24e5dd6f4bfd9') in 0.013398 seconds
Number of updated asset objects reloaded before import = 0
Number of asset objects unloaded after import = 85
========================================================================
Received Import Request.
  Time since last request: 2.414566 seconds.
  path: Assets/Characters/Enemies/Skeleton/Skeleton.prefab
  artifactKey: Guid(fa96030e78b05d643b6826d9a9a8c7a5) Importer(815301076,1909f56bfc062723c751e8b465ee728b)
Start importing Assets/Characters/Enemies/Skeleton/Skeleton.prefab using Guid(fa96030e78b05d643b6826d9a9a8c7a5) Importer(815301076,1909f56bfc062723c751e8b465ee728b)  -> (artifact id: '6ddb4f07de3959d313ee58deb94c88e8') in 0.012479 seconds
Number of updated asset objects reloaded before import = 0
Number of asset objects unloaded after import = 85
========================================================================
Received Import Request.
  Time since last request: 2.237805 seconds.
  path: Assets/Characters/Enemies/Skeleton/Skeleton.prefab
  artifactKey: Guid(fa96030e78b05d643b6826d9a9a8c7a5) Importer(815301076,1909f56bfc062723c751e8b465ee728b)
Start importing Assets/Characters/Enemies/Skeleton/Skeleton.prefab using Guid(fa96030e78b05d643b6826d9a9a8c7a5) Importer(815301076,1909f56bfc062723c751e8b465ee728b)  -> (artifact id: '7c1bb36e6e57379fe630985ca0dd3af3') in 0.013335 seconds
Number of updated asset objects reloaded before import = 0
Number of asset objects unloaded after import = 85
========================================================================
Received Import Request.
  Time since last request: 1.140197 seconds.
  path: Assets/Characters/Enemies/Skeleton/Skeleton.prefab
  artifactKey: Guid(fa96030e78b05d643b6826d9a9a8c7a5) Importer(815301076,1909f56bfc062723c751e8b465ee728b)
Start importing Assets/Characters/Enemies/Skeleton/Skeleton.prefab using Guid(fa96030e78b05d643b6826d9a9a8c7a5) Importer(815301076,1909f56bfc062723c751e8b465ee728b)  -> (artifact id: '82670900e1fe9e7f8f5e71e7581f4dd0') in 0.016094 seconds
Number of updated asset objects reloaded before import = 0
Number of asset objects unloaded after import = 85
========================================================================
Received Import Request.
  Time since last request: 33.922770 seconds.
  path: Assets/Character-Animations/Arab/idle
  artifactKey: Guid(9c0df4951a182c0648b7055b158cdaa3) Importer(815301076,1909f56bfc062723c751e8b465ee728b)
Start importing Assets/Character-Animations/Arab/idle using Guid(9c0df4951a182c0648b7055b158cdaa3) Importer(815301076,1909f56bfc062723c751e8b465ee728b)  -> (artifact id: '3c524af4a73b7a8bb5ba56ac58a15e2e') in 0.000599 seconds
Number of updated asset objects reloaded before import = 0
Number of asset objects unloaded after import = 0
========================================================================
Received Prepare
Begin MonoManager ReloadAssembly
- Loaded All Assemblies, in  2.632 seconds
Refreshing native plugins compatible for Editor in 5.26 ms, found 4 plugins.
Native extension for WindowsStandalone target not found
[Package Manager] Server::EnsureServerProcessIsRunning -- launch failed, reason: Unity was launched with the -noUpm command-line argument
[Package Manager] UpmClient::Send -- Unable to send message (not connected to UPM process).
[Package Manager] Cannot connect to Unity Package Manager local server
Mono: successfully reloaded assembly
- Finished resetting the current domain, in 15.479 seconds
Domain Reload Profiling: 18108ms
	BeginReloadAssembly (188ms)
		ExecutionOrderSort (0ms)
		DisableScriptedObjects (19ms)
		BackupInstance (0ms)
		ReleaseScriptingObjects (0ms)
		CreateAndSetChildDomain (38ms)
	RebuildCommonClasses (109ms)
	RebuildNativeTypeToScriptingClass (12ms)
	initialDomainReloadingComplete (27ms)
	LoadAllAssembliesAndSetupDomain (2293ms)
		LoadAssemblies (2369ms)
		RebuildTransferFunctionScriptingTraits (0ms)
		AnalyzeDomain (22ms)
			TypeCache.Refresh (7ms)
				TypeCache.ScanAssembly (0ms)
			ScanForSourceGeneratedMonoScriptInfo (0ms)
			ResolveRequiredComponents (15ms)
	FinalizeReload (15479ms)
		ReleaseScriptCaches (0ms)
		RebuildScriptCaches (0ms)
		SetupLoadedEditorAssemblies (606ms)
			LogAssemblyErrors (0ms)
			InitializePlatformSupportModulesInManaged (6ms)
			SetLoadedEditorAssemblies (6ms)
			RefreshPlugins (0ms)
			BeforeProcessingInitializeOnLoad (92ms)
			ProcessInitializeOnLoadAttributes (418ms)
			ProcessInitializeOnLoadMethodAttributes (77ms)
			AfterProcessingInitializeOnLoad (6ms)
			EditorAssembliesLoaded (0ms)
		ExecutionOrderSort2 (0ms)
		AwakeInstancesAfterBackupRestoration (19ms)
Refreshing native plugins compatible for Editor in 4.28 ms, found 4 plugins.
Preloading 0 native plugins for Editor in 0.00 ms.
Unloading 6079 Unused Serialized files (Serialized files now loaded: 0)
Unloading 50 unused Assets / (392.5 KB). Loaded Objects now: 6795.
Memory consumption went from 218.2 MB to 217.8 MB.
Total: 3.914800 ms (FindLiveObjects: 0.414000 ms CreateObjectMapping: 0.410200 ms MarkObjects: 2.934900 ms  DeleteObjects: 0.154200 ms)

Prepare: number of updated asset objects reloaded= 0
AssetImportParameters requested are different than current active one (requested -> active):
  custom:container-demuxer-ogg: 62fdf1f143b41e24485cea50d1cbac27 -> 
  custom:video-decoder-ogg-theora: a1e56fd34408186e4bbccfd4996cb3dc -> 
  custom:framework-win-MediaFoundation: 216162199b28c13a410421893ffa2e32 -> 
  custom:CustomObjectIndexerAttribute: 4d1d7186bcbbfe361de5f0ad951e585c -> 
  custom:container-demuxer-webm: 4f35f7cbe854078d1ac9338744f61a02 -> 
  custom:container-muxer-webm: aa71ff27fc2769a1b78a27578f13a17b -> 
  custom:video-decoder-webm-vp8: 9c59270c3fd7afecdb556c50c9e8de78 -> 
  custom:SearchIndexIgnoredProperties: e643bd26f0fe6173181afceb89e7c659 -> 
  custom:AudioImporter_EditorPlatform: d09bf68614088b80899f8185d706f6e7 -> 
  custom:video-encoder-webm-vp8: eb34c28f22e8b96e1ab97ce403110664 -> 
  custom:audio-decoder-ogg-vorbis: bf7c407c2cedff20999df2af8eb42d56 -> 
  custom:audio-encoder-webm-vorbis: bf7c407c2cedff20999df2af8eb42d56 -> 
========================================================================
Received Prepare
Begin MonoManager ReloadAssembly
- Loaded All Assemblies, in  0.454 seconds
Refreshing native plugins compatible for Editor in 4.24 ms, found 4 plugins.
Native extension for WindowsStandalone target not found
[Package Manager] Server::EnsureServerProcessIsRunning -- launch failed, reason: Unity was launched with the -noUpm command-line argument
[Package Manager] UpmClient::Send -- Unable to send message (not connected to UPM process).
[Package Manager] Cannot connect to Unity Package Manager local server
Mono: successfully reloaded assembly
- Finished resetting the current domain, in  1.347 seconds
Domain Reload Profiling: 1797ms
	BeginReloadAssembly (160ms)
		ExecutionOrderSort (0ms)
		DisableScriptedObjects (13ms)
		BackupInstance (0ms)
		ReleaseScriptingObjects (0ms)
		CreateAndSetChildDomain (42ms)
	RebuildCommonClasses (31ms)
	RebuildNativeTypeToScriptingClass (11ms)
	initialDomainReloadingComplete (27ms)
	LoadAllAssembliesAndSetupDomain (221ms)
		LoadAssemblies (276ms)
		RebuildTransferFunctionScriptingTraits (0ms)
		AnalyzeDomain (18ms)
			TypeCache.Refresh (5ms)
				TypeCache.ScanAssembly (0ms)
			ScanForSourceGeneratedMonoScriptInfo (0ms)
			ResolveRequiredComponents (12ms)
	FinalizeReload (1347ms)
		ReleaseScriptCaches (0ms)
		RebuildScriptCaches (0ms)
		SetupLoadedEditorAssemblies (631ms)
			LogAssemblyErrors (0ms)
			InitializePlatformSupportModulesInManaged (6ms)
			SetLoadedEditorAssemblies (7ms)
			RefreshPlugins (0ms)
			BeforeProcessingInitializeOnLoad (94ms)
			ProcessInitializeOnLoadAttributes (439ms)
			ProcessInitializeOnLoadMethodAttributes (78ms)
			AfterProcessingInitializeOnLoad (7ms)
			EditorAssembliesLoaded (0ms)
		ExecutionOrderSort2 (0ms)
		AwakeInstancesAfterBackupRestoration (18ms)
Refreshing native plugins compatible for Editor in 5.16 ms, found 4 plugins.
Preloading 0 native plugins for Editor in 0.00 ms.
Unloading 6079 Unused Serialized files (Serialized files now loaded: 0)
Unloading 50 unused Assets / (392.5 KB). Loaded Objects now: 6812.
Memory consumption went from 220.1 MB to 219.7 MB.
Total: 4.632700 ms (FindLiveObjects: 0.885700 ms CreateObjectMapping: 0.532600 ms MarkObjects: 3.103300 ms  DeleteObjects: 0.110000 ms)

Prepare: number of updated asset objects reloaded= 0
AssetImportParameters requested are different than current active one (requested -> active):
  custom:container-demuxer-ogg: 62fdf1f143b41e24485cea50d1cbac27 -> 
  custom:video-decoder-ogg-theora: a1e56fd34408186e4bbccfd4996cb3dc -> 
  custom:framework-win-MediaFoundation: 216162199b28c13a410421893ffa2e32 -> 
  custom:CustomObjectIndexerAttribute: 4d1d7186bcbbfe361de5f0ad951e585c -> 
  custom:container-demuxer-webm: 4f35f7cbe854078d1ac9338744f61a02 -> 
  custom:container-muxer-webm: aa71ff27fc2769a1b78a27578f13a17b -> 
  custom:video-decoder-webm-vp8: 9c59270c3fd7afecdb556c50c9e8de78 -> 
  custom:SearchIndexIgnoredProperties: e643bd26f0fe6173181afceb89e7c659 -> 
  custom:AudioImporter_EditorPlatform: d09bf68614088b80899f8185d706f6e7 -> 
  custom:video-encoder-webm-vp8: eb34c28f22e8b96e1ab97ce403110664 -> 
  custom:audio-decoder-ogg-vorbis: bf7c407c2cedff20999df2af8eb42d56 -> 
  custom:audio-encoder-webm-vorbis: bf7c407c2cedff20999df2af8eb42d56 -> 
